Unity Editor version:    2022.3.12f1 (4fe6e059c7ef)
Branch:                  2022.3/release
Build type:              Release
Batch mode:              YES
macOS version:           Version 13.6 (Build 22G120)
Darwin version:          22.6.0
Architecture:            x86_64
Running under Rosetta:   YES
Available memory:        32768 MB
Using pre-set license
Pro License: YES

COMMAND LINE ARGUMENTS:
/Applications/Unity/Hub/Editor/2022.3.12f1/Unity.app/Contents/MacOS/Unity
-adb2
-batchMode
-noUpm
-name
AssetImportWorker0
-projectPath
/Users/owenchen/Desktop/perspectives/isleofunease/isle
-logFile
Logs/AssetImportWorker0.log
-srvPort
58795
Successfully changed project path to: /Users/owenchen/Desktop/perspectives/isleofunease/isle
/Users/owenchen/Desktop/perspectives/isleofunease/isle
[UnityMemory] Configuration Parameters - Can be set up in boot.config
    "memorysetup-bucket-allocator-granularity=16"
    "memorysetup-bucket-allocator-bucket-count=8"
    "memorysetup-bucket-allocator-block-size=33554432"
    "memorysetup-bucket-allocator-block-count=8"
    "memorysetup-main-allocator-block-size=16777216"
    "memorysetup-thread-allocator-block-size=16777216"
    "memorysetup-gfx-main-allocator-block-size=16777216"
    "memorysetup-gfx-thread-allocator-block-size=16777216"
    "memorysetup-cache-allocator-block-size=4194304"
    "memorysetup-typetree-allocator-block-size=2097152"
    "memorysetup-profiler-bucket-allocator-granularity=16"
    "memorysetup-profiler-bucket-allocator-bucket-count=8"
    "memorysetup-profiler-bucket-allocator-block-size=33554432"
    "memorysetup-profiler-bucket-allocator-block-count=8"
    "memorysetup-profiler-allocator-block-size=16777216"
    "memorysetup-profiler-editor-allocator-block-size=1048576"
    "memorysetup-temp-allocator-size-main=16777216"
    "memorysetup-job-temp-allocator-block-size=2097152"
    "memorysetup-job-temp-allocator-block-size-background=1048576"
    "memorysetup-job-temp-allocator-reduction-small-platforms=262144"
    "memorysetup-allocator-temp-initial-block-size-main=262144"
    "memorysetup-allocator-temp-initial-block-size-worker=262144"
    "memorysetup-temp-allocator-size-background-worker=32768"
    "memorysetup-temp-allocator-size-job-worker=262144"
    "memorysetup-temp-allocator-size-preload-manager=33554432"
    "memorysetup-temp-allocator-size-nav-mesh-worker=65536"
    "memorysetup-temp-allocator-size-audio-worker=65536"
    "memorysetup-temp-allocator-size-cloud-worker=32768"
    "memorysetup-temp-allocator-size-gi-baking-worker=262144"
    "memorysetup-temp-allocator-size-gfx=262144"
Player connection [8703820416] Host "[IP] 149.31.229.159 [Port] 0 [Flags] 2 [Guid] 838048138 [EditorId] 838048138 [Version] 1048832 [Id] OSXEditor(0,owens-mbp.wireless.newschool.edu) [Debug] 1 [PackageName] OSXEditor [ProjectName] Editor" joined multi-casting on [225.0.0.222:54997]...

Player connection [8703820416] Host "[IP] 149.31.229.159 [Port] 0 [Flags] 2 [Guid] 838048138 [EditorId] 838048138 [Version] 1048832 [Id] OSXEditor(0,owens-mbp.wireless.newschool.edu) [Debug] 1 [PackageName] OSXEditor [ProjectName] Editor" joined alternative multi-casting on [225.0.0.222:34997]...

[Physics::Module] Initialized MultithreadedJobDispatcher with 9 workers.
Refreshing native plugins compatible for Editor in 10.69 ms, found 2 plugins.
Preloading 0 native plugins for Editor in 0.00 ms.
Initialize engine version: 2022.3.12f1 (4fe6e059c7ef)
[Subsystems] Discovering subsystems at path /Applications/Unity/Hub/Editor/2022.3.12f1/Unity.app/Contents/Resources/UnitySubsystems
[Subsystems] Discovering subsystems at path /Users/owenchen/Desktop/perspectives/isleofunease/isle/Assets
GfxDevice: creating device client; threaded=0; jobified=0
 preferred device: Apple M1 Max (high power)
Metal devices available: 1
0: Apple M1 Max (high power)
Using device Apple M1 Max (high power)
Initializing Metal device caps: Apple M1 Max
Initialize mono
Mono path[0] = '/Applications/Unity/Hub/Editor/2022.3.12f1/Unity.app/Contents/Managed'
Mono path[1] = '/Applications/Unity/Hub/Editor/2022.3.12f1/Unity.app/Contents/MonoBleedingEdge/lib/mono/unityjit-macos'
Mono config path = '/Applications/Unity/Hub/Editor/2022.3.12f1/Unity.app/Contents/MonoBleedingEdge/etc'
Using monoOptions --debugger-agent=transport=dt_socket,embedding=1,server=y,suspend=n,address=127.0.0.1:56224
Begin MonoManager ReloadAssembly
Registering precompiled unity dll's ...
Register platform support module: /Applications/Unity/Hub/Editor/2022.3.12f1/PlaybackEngines/WebGLSupport/UnityEditor.WebGL.Extensions.dll
Register platform support module: /Applications/Unity/Hub/Editor/2022.3.12f1/Unity.app/Contents/PlaybackEngines/MacStandaloneSupport/UnityEditor.OSXStandalone.Extensions.dll
Registered in 0.004182 seconds.
- Loaded All Assemblies, in  0.591 seconds
Native extension for OSXStandalone target not found
Native extension for WebGL target not found
Mono: successfully reloaded assembly
- Finished resetting the current domain, in  0.975 seconds
Domain Reload Profiling: 1568ms
	BeginReloadAssembly (205ms)
		ExecutionOrderSort (0ms)
		DisableScriptedObjects (0ms)
		BackupInstance (0ms)
		ReleaseScriptingObjects (0ms)
		CreateAndSetChildDomain (2ms)
	RebuildCommonClasses (44ms)
	RebuildNativeTypeToScriptingClass (12ms)
	initialDomainReloadingComplete (146ms)
	LoadAllAssembliesAndSetupDomain (184ms)
		LoadAssemblies (204ms)
		RebuildTransferFunctionScriptingTraits (0ms)
		AnalyzeDomain (179ms)
			TypeCache.Refresh (176ms)
				TypeCache.ScanAssembly (161ms)
			ScanForSourceGeneratedMonoScriptInfo (0ms)
			ResolveRequiredComponents (2ms)
	FinalizeReload (977ms)
		ReleaseScriptCaches (0ms)
		RebuildScriptCaches (0ms)
		SetupLoadedEditorAssemblies (793ms)
			LogAssemblyErrors (0ms)
			InitializePlatformSupportModulesInManaged (26ms)
			SetLoadedEditorAssemblies (13ms)
			RefreshPlugins (0ms)
			BeforeProcessingInitializeOnLoad (8ms)
			ProcessInitializeOnLoadAttributes (529ms)
			ProcessInitializeOnLoadMethodAttributes (218ms)
			AfterProcessingInitializeOnLoad (0ms)
			EditorAssembliesLoaded (0ms)
		ExecutionOrderSort2 (0ms)
		AwakeInstancesAfterBackupRestoration (0ms)
========================================================================
Worker process is ready to serve import requests
Begin MonoManager ReloadAssembly
- Loaded All Assemblies, in  0.896 seconds
Refreshing native plugins compatible for Editor in 1.32 ms, found 2 plugins.
Native extension for OSXStandalone target not found
Native extension for WebGL target not found
Mono: successfully reloaded assembly
- Finished resetting the current domain, in  1.146 seconds
Domain Reload Profiling: 2044ms
	BeginReloadAssembly (321ms)
		ExecutionOrderSort (0ms)
		DisableScriptedObjects (44ms)
		BackupInstance (0ms)
		ReleaseScriptingObjects (0ms)
		CreateAndSetChildDomain (28ms)
	RebuildCommonClasses (44ms)
	RebuildNativeTypeToScriptingClass (13ms)
	initialDomainReloadingComplete (128ms)
	LoadAllAssembliesAndSetupDomain (391ms)
		LoadAssemblies (417ms)
		RebuildTransferFunctionScriptingTraits (0ms)
		AnalyzeDomain (114ms)
			TypeCache.Refresh (110ms)
				TypeCache.ScanAssembly (94ms)
			ScanForSourceGeneratedMonoScriptInfo (1ms)
			ResolveRequiredComponents (1ms)
	FinalizeReload (1147ms)
		ReleaseScriptCaches (0ms)
		RebuildScriptCaches (0ms)
		SetupLoadedEditorAssemblies (758ms)
			LogAssemblyErrors (0ms)
			InitializePlatformSupportModulesInManaged (19ms)
			SetLoadedEditorAssemblies (8ms)
			RefreshPlugins (0ms)
			BeforeProcessingInitializeOnLoad (128ms)
			ProcessInitializeOnLoadAttributes (495ms)
			ProcessInitializeOnLoadMethodAttributes (106ms)
			AfterProcessingInitializeOnLoad (2ms)
			EditorAssembliesLoaded (0ms)
		ExecutionOrderSort2 (0ms)
		AwakeInstancesAfterBackupRestoration (13ms)
Launching external process: /Applications/Unity/Hub/Editor/2022.3.12f1/Unity.app/Contents/Tools/UnityShaderCompiler
Launched and connected shader compiler UnityShaderCompiler after 0.09 seconds
Refreshing native plugins compatible for Editor in 1.07 ms, found 2 plugins.
Preloading 0 native plugins for Editor in 0.00 ms.
Unloading 3466 Unused Serialized files (Serialized files now loaded: 0)
Unloading 22 unused Assets / (102.3 KB). Loaded Objects now: 3919.
Memory consumption went from 125.6 MB to 125.5 MB.
Total: 3.184667 ms (FindLiveObjects: 0.208583 ms CreateObjectMapping: 0.385500 ms MarkObjects: 2.424666 ms  DeleteObjects: 0.164375 ms)

AssetImportParameters requested are different than current active one (requested -> active):
  custom:container-muxer-webm: aa71ff27fc2769a1b78a27578f13a17b -> 
  custom:video-encoder-webm-vp8: eb34c28f22e8b96e1ab97ce403110664 -> 
  custom:framework-osx-AVFoundation: e770b220cccbd017edd2c1fefb359320 -> 
  custom:audio-encoder-webm-vorbis: bf7c407c2cedff20999df2af8eb42d56 -> 
  custom:container-demuxer-ogg: 62fdf1f143b41e24485cea50d1cbac27 -> 
  custom:video-decoder-webm-vp8: 9c59270c3fd7afecdb556c50c9e8de78 -> 
  custom:audio-decoder-ogg-vorbis: bf7c407c2cedff20999df2af8eb42d56 -> 
  custom:AudioImporter_EditorPlatform: 3918e3fc78b5a79bad01e8451be0beb8 -> 
  custom:video-decoder-ogg-theora: a1e56fd34408186e4bbccfd4996cb3dc -> 
  custom:container-demuxer-webm: 4f35f7cbe854078d1ac9338744f61a02 -> 
  custom:CustomObjectIndexerAttribute: 756ad292c208cfabdd7b50bc23989ffe -> 
  custom:SearchIndexIgnoredProperties: e643bd26f0fe6173181afceb89e7c659 -> 
========================================================================
Received Import Request.
  Time since last request: 481845.319949 seconds.
  path: Assets/Road
  artifactKey: Guid(1d93b65f8374e074c8ce7985107b677e) Importer(815301076,1909f56bfc062723c751e8b465ee728b)
Start importing Assets/Road using Guid(1d93b65f8374e074c8ce7985107b677e) Importer(815301076,1909f56bfc062723c751e8b465ee728b)  -> (artifact id: '7cc6228dd86b1fafbe07fbfbf5a8b089') in 0.004799 seconds
Number of updated asset objects reloaded before import = 0
Number of asset objects unloaded after import = 0
========================================================================
Received Import Request.
  Time since last request: 0.000107 seconds.
  path: Assets/Road/BRP/Road.mat
  artifactKey: Guid(5280a4264f04ced4d8fcb248c321d489) Importer(815301076,1909f56bfc062723c751e8b465ee728b)
Start importing Assets/Road/BRP/Road.mat using Guid(5280a4264f04ced4d8fcb248c321d489) Importer(815301076,1909f56bfc062723c751e8b465ee728b)  -> (artifact id: '07034cd073c25cd257b3902506c53bec') in 0.257924 seconds
Number of updated asset objects reloaded before import = 0
Number of asset objects unloaded after import = 1
========================================================================
Received Import Request.
  Time since last request: 2.805354 seconds.
  path: Assets/Road/HDRP
  artifactKey: Guid(c481040731f8fec46a5dfa15c98a18a1) Importer(815301076,1909f56bfc062723c751e8b465ee728b)
Start importing Assets/Road/HDRP using Guid(c481040731f8fec46a5dfa15c98a18a1) Importer(815301076,1909f56bfc062723c751e8b465ee728b)  -> (artifact id: '0d639593c6e21eed6e30993bec10fc98') in 0.000749 seconds
Number of updated asset objects reloaded before import = 0
Number of asset objects unloaded after import = 0
========================================================================
Received Import Request.
  Time since last request: 0.414575 seconds.
  path: Assets/Road/HDRP/Road.mat
  artifactKey: Guid(fb95be4cb8c3cbe41b23441c7d716686) Importer(815301076,1909f56bfc062723c751e8b465ee728b)
Start importing Assets/Road/HDRP/Road.mat using Guid(fb95be4cb8c3cbe41b23441c7d716686) Importer(815301076,1909f56bfc062723c751e8b465ee728b)  -> (artifact id: '03aec6e41abfba12576d483b49d6c731') in 0.017317 seconds
Number of updated asset objects reloaded before import = 0
Number of asset objects unloaded after import = 1
========================================================================
Received Import Request.
  Time since last request: 0.245379 seconds.
  path: Assets/Road/HDRP/Road.shadergraph
  artifactKey: Guid(5095dc1af9693b14b9290e5f4812712b) Importer(815301076,1909f56bfc062723c751e8b465ee728b)
Start importing Assets/Road/HDRP/Road.shadergraph using Guid(5095dc1af9693b14b9290e5f4812712b) Importer(815301076,1909f56bfc062723c751e8b465ee728b)  -> (artifact id: 'c9c4b0a3970c67d6c2f2d5a5a5b0748a') in 0.001075 seconds
Number of updated asset objects reloaded before import = 0
Number of asset objects unloaded after import = 1
========================================================================
Received Import Request.
  Time since last request: 1.401685 seconds.
  path: Assets/Road/URP
  artifactKey: Guid(743a31e729b7af349a08c4eb6363804f) Importer(815301076,1909f56bfc062723c751e8b465ee728b)
Start importing Assets/Road/URP using Guid(743a31e729b7af349a08c4eb6363804f) Importer(815301076,1909f56bfc062723c751e8b465ee728b)  -> (artifact id: '73687352c6a80c0b393322514b7645a8') in 0.000918 seconds
Number of updated asset objects reloaded before import = 0
Number of asset objects unloaded after import = 0
========================================================================
Received Import Request.
  Time since last request: 0.059492 seconds.
  path: Assets/Road/URP/Road.mat
  artifactKey: Guid(5992888c1fb83564e97412bed3b5acd2) Importer(815301076,1909f56bfc062723c751e8b465ee728b)
Start importing Assets/Road/URP/Road.mat using Guid(5992888c1fb83564e97412bed3b5acd2) Importer(815301076,1909f56bfc062723c751e8b465ee728b)  -> (artifact id: '65e1fcb872857e808113654a3b29fb95') in 0.006956 seconds
Number of updated asset objects reloaded before import = 0
Number of asset objects unloaded after import = 1
========================================================================
Received Import Request.
  Time since last request: 0.932349 seconds.
  path: Assets/Road/URP/Road.shadergraph
  artifactKey: Guid(a1867883cca04964783da6fb88f9ca92) Importer(815301076,1909f56bfc062723c751e8b465ee728b)
Start importing Assets/Road/URP/Road.shadergraph using Guid(a1867883cca04964783da6fb88f9ca92) Importer(815301076,1909f56bfc062723c751e8b465ee728b)  -> (artifact id: '4021e5d0308c68df1a9845ff157dd588') in 0.001865 seconds
Number of updated asset objects reloaded before import = 0
Number of asset objects unloaded after import = 1
========================================================================
Received Import Request.
  Time since last request: 83.011009 seconds.
  path: Assets/Road/Road
  artifactKey: Guid(9e47fac11c20548d9b33a5b7e9fd04c9) Importer(815301076,1909f56bfc062723c751e8b465ee728b)
Start importing Assets/Road/Road using Guid(9e47fac11c20548d9b33a5b7e9fd04c9) Importer(815301076,1909f56bfc062723c751e8b465ee728b)  -> (artifact id: '9cef68aaa406eb0fb4736e861828d787') in 0.000527 seconds
Number of updated asset objects reloaded before import = 0
Number of asset objects unloaded after import = 0
========================================================================
Received Import Request.
  Time since last request: 16.921599 seconds.
  path: Assets/Road 1
  artifactKey: Guid(43ead9b8cb48d41519966ca1f2d6f486) Importer(815301076,1909f56bfc062723c751e8b465ee728b)
Start importing Assets/Road 1 using Guid(43ead9b8cb48d41519966ca1f2d6f486) Importer(815301076,1909f56bfc062723c751e8b465ee728b)  -> (artifact id: '4e7d0f2e3555a5e1070819281d687558') in 0.001044 seconds
Number of updated asset objects reloaded before import = 0
Number of asset objects unloaded after import = 0
========================================================================
Received Import Request.
  Time since last request: 0.032377 seconds.
  path: Assets/Road 1/1229 Road.obj
  artifactKey: Guid(3de65a368d2cf46bba13600687297254) Importer(815301076,1909f56bfc062723c751e8b465ee728b)
Start importing Assets/Road 1/1229 Road.obj using Guid(3de65a368d2cf46bba13600687297254) Importer(815301076,1909f56bfc062723c751e8b465ee728b)  -> (artifact id: '02b96f83ed931c8a31cb0f87d27fb61a') in 0.186007 seconds
Number of updated asset objects reloaded before import = 0
Number of asset objects unloaded after import = 10
========================================================================
Received Import Request.
  Time since last request: 27.185902 seconds.
  path: Assets/Scenes
  artifactKey: Guid(a66383f8984f34586aa941b0de53337f) Importer(815301076,1909f56bfc062723c751e8b465ee728b)
Start importing Assets/Scenes using Guid(a66383f8984f34586aa941b0de53337f) Importer(815301076,1909f56bfc062723c751e8b465ee728b)  -> (artifact id: '26bc4b01693629037a695112551136c5') in 0.001278 seconds
Number of updated asset objects reloaded before import = 0
Number of asset objects unloaded after import = 0
